<?xml version="1.0" encoding="UTF-8" ?>
<testsuites>
  <testsuite errors="0" failures="0" hostname="Lenovo" id="0" name="CalculatorTest" package="simplejavacalculator" skipped="0" tests="4" time="0.057" timestamp="2017-03-21T20:53:08">
      <properties>
[...]
</properties>

      <testcase classname="simplejavacalculator.CalculatorTest" name="calculateBiTest" time="0.001" />

      <testcase classname="simplejavacalculator.CalculatorTest" name="calculateMonoTest" time="0.0" />

      <testcase classname="simplejavacalculator.CalculatorTest" name="calculateEqual" time="0.0" />

      <testcase classname="simplejavacalculator.CalculatorTest" name="resetTest" time="0.0" />

      <system-out><![CDATA[]]></system-out>

      <system-err><![CDATA[]]></system-err>

  </testsuite>
</testsuites>
